Performing C SOURCE FILE Test CMAKE_HAVE_LIBC_PTHREAD failed with the following output:
Change Dir: /home/dymons/Downloads/study/origami/cmake-build-debug/CMakeFiles/CMakeTmp

Run Build Command(s):/usr/bin/make cmTC_c80ac/fast && /usr/bin/make -f CMakeFiles/cmTC_c80ac.dir/build.make CMakeFiles/cmTC_c80ac.dir/build
make[1]: Entering directory '/home/dymons/Downloads/study/origami/cmake-build-debug/CMakeFiles/CMakeTmp'
Building C object CMakeFiles/cmTC_c80ac.dir/src.c.o
/usr/bin/cc   -DCMAKE_HAVE_LIBC_PTHREAD   -o CMakeFiles/cmTC_c80ac.dir/src.c.o   -c /home/dymons/Downloads/study/origami/cmake-build-debug/CMakeFiles/CMakeTmp/src.c
Linking C executable cmTC_c80ac
/home/dymons/.local/share/JetBrains/Toolbox/apps/CLion/ch-0/201.6668.126/bin/cmake/linux/bin/cmake -E cmake_link_script CMakeFiles/cmTC_c80ac.dir/link.txt --verbose=1
/usr/bin/cc  -DCMAKE_HAVE_LIBC_PTHREAD    -rdynamic CMakeFiles/cmTC_c80ac.dir/src.c.o  -o cmTC_c80ac 
CMakeFiles/cmTC_c80ac.dir/src.c.o: In function `main':
src.c:(.text+0x3e): undefined reference to `pthread_create'
src.c:(.text+0x4a): undefined reference to `pthread_detach'
src.c:(.text+0x5b): undefined reference to `pthread_join'
src.c:(.text+0x6f): undefined reference to `pthread_atfork'
collect2: error: ld returned 1 exit status
CMakeFiles/cmTC_c80ac.dir/build.make:86: recipe for target 'cmTC_c80ac' failed
make[1]: *** [cmTC_c80ac] Error 1
make[1]: Leaving directory '/home/dymons/Downloads/study/origami/cmake-build-debug/CMakeFiles/CMakeTmp'
Makefile:121: recipe for target 'cmTC_c80ac/fast' failed
make: *** [cmTC_c80ac/fast] Error 2


Source file was:
#include <pthread.h>

void* test_func(void* data)
{
  return data;
}

int main(void)
{
  pthread_t thread;
  pthread_create(&thread, NULL, test_func, NULL);
  pthread_detach(thread);
  pthread_join(thread, NULL);
  pthread_atfork(NULL, NULL, NULL);
  pthread_exit(NULL);

  return 0;
}

Determining if the function pthread_create exists in the pthreads failed with the following output:
Change Dir: /home/dymons/Downloads/study/origami/cmake-build-debug/CMakeFiles/CMakeTmp

Run Build Command(s):/usr/bin/make cmTC_087cd/fast && /usr/bin/make -f CMakeFiles/cmTC_087cd.dir/build.make CMakeFiles/cmTC_087cd.dir/build
make[1]: Entering directory '/home/dymons/Downloads/study/origami/cmake-build-debug/CMakeFiles/CMakeTmp'
Building C object CMakeFiles/cmTC_087cd.dir/CheckFunctionExists.c.o
/usr/bin/cc   -DCHECK_FUNCTION_EXISTS=pthread_create   -o CMakeFiles/cmTC_087cd.dir/CheckFunctionExists.c.o   -c /home/dymons/.local/share/JetBrains/Toolbox/apps/CLion/ch-0/201.6668.126/bin/cmake/linux/share/cmake-3.16/Modules/CheckFunctionExists.c
Linking C executable cmTC_087cd
/home/dymons/.local/share/JetBrains/Toolbox/apps/CLion/ch-0/201.6668.126/bin/cmake/linux/bin/cmake -E cmake_link_script CMakeFiles/cmTC_087cd.dir/link.txt --verbose=1
/usr/bin/cc  -DCHECK_FUNCTION_EXISTS=pthread_create    -rdynamic CMakeFiles/cmTC_087cd.dir/CheckFunctionExists.c.o  -o cmTC_087cd  -lpthreads 
/usr/bin/ld: cannot find -lpthreads
collect2: error: ld returned 1 exit status
CMakeFiles/cmTC_087cd.dir/build.make:86: recipe for target 'cmTC_087cd' failed
make[1]: *** [cmTC_087cd] Error 1
make[1]: Leaving directory '/home/dymons/Downloads/study/origami/cmake-build-debug/CMakeFiles/CMakeTmp'
Makefile:121: recipe for target 'cmTC_087cd/fast' failed
make: *** [cmTC_087cd/fast] Error 2



